0 info it worked if it ends with ok
1 verbose cli [ '/usr/bin/node', '/usr/bin/npm', 'install', '-g', 'ember-cli' ]
2 info using npm@1.4.28
3 info using node@v0.10.37
4 verbose node symlink /usr/bin/node
5 verbose cache add [ 'ember-cli', null ]
6 verbose cache add name=undefined spec="ember-cli" args=["ember-cli",null]
7 verbose parsed url { protocol: null,
7 verbose parsed url   slashes: null,
7 verbose parsed url   auth: null,
7 verbose parsed url   host: null,
7 verbose parsed url   port: null,
7 verbose parsed url   hostname: null,
7 verbose parsed url   hash: null,
7 verbose parsed url   search: null,
7 verbose parsed url   query: null,
7 verbose parsed url   pathname: 'ember-cli',
7 verbose parsed url   path: 'ember-cli',
7 verbose parsed url   href: 'ember-cli' }
8 silly lockFile 63e15bd3-ember-cli ember-cli
9 verbose lock ember-cli /home/dougui/.npm/63e15bd3-ember-cli.lock
10 silly lockFile 63e15bd3-ember-cli ember-cli
11 silly lockFile 63e15bd3-ember-cli ember-cli
12 verbose addNamed [ 'ember-cli', '' ]
13 verbose addNamed [ null, '*' ]
14 silly lockFile 1645c26a-ember-cli ember-cli@
15 verbose lock ember-cli@ /home/dougui/.npm/1645c26a-ember-cli.lock
16 silly addNameRange { name: 'ember-cli', range: '*', hasData: false }
17 verbose request where is /ember-cli
18 verbose request registry https://registry.npmjs.org/
19 verbose request id 26ac51b36845c660
20 verbose url raw /ember-cli
21 verbose url resolving [ 'https://registry.npmjs.org/', './ember-cli' ]
22 verbose url resolved https://registry.npmjs.org/ember-cli
23 verbose request where is https://registry.npmjs.org/ember-cli
24 info trying registry request attempt 1 at 19:09:52
25 verbose etag "1DFU7VOE95SK9SA39LUK1LORQ"
26 http GET https://registry.npmjs.org/ember-cli
27 http 200 https://registry.npmjs.org/ember-cli
28 silly registry.get cb [ 200,
28 silly registry.get   { server: 'CouchDB/1.5.0 (Erlang OTP/R16B03)',
28 silly registry.get     etag: '"63Z1OX4327P63R69RDZCRR1WV"',
28 silly registry.get     'content-type': 'application/json',
28 silly registry.get     'cache-control': 'max-age=300',
28 silly registry.get     'content-length': '271771',
28 silly registry.get     'accept-ranges': 'bytes',
28 silly registry.get     date: 'Mon, 04 Jan 2016 00:10:13 GMT',
28 silly registry.get     via: '1.1 varnish',
28 silly registry.get     age: '0',
28 silly registry.get     connection: 'keep-alive',
28 silly registry.get     'x-served-by': 'cache-dfw1832-DFW',
28 silly registry.get     'x-cache': 'HIT',
28 silly registry.get     'x-cache-hits': '1',
28 silly registry.get     'x-timer': 'S1451866213.660714,VS0,VE68',
28 silly registry.get     vary: 'Accept' } ]
29 silly addNameRange number 2 { name: 'ember-cli', range: '*', hasData: true }
30 silly addNameRange versions [ 'ember-cli',
30 silly addNameRange   [ '0.0.0',
30 silly addNameRange     '0.0.1',
30 silly addNameRange     '0.0.2',
30 silly addNameRange     '0.0.3',
30 silly addNameRange     '0.0.4',
30 silly addNameRange     '0.0.5',
30 silly addNameRange     '0.0.6',
30 silly addNameRange     '0.0.7',
30 silly addNameRange     '0.0.8',
30 silly addNameRange     '0.0.9',
30 silly addNameRange     '0.0.10',
30 silly addNameRange     '0.0.11',
30 silly addNameRange     '0.0.12',
30 silly addNameRange     '0.0.13',
30 silly addNameRange     '0.0.14',
30 silly addNameRange     '0.0.15',
30 silly addNameRange     '0.0.16',
30 silly addNameRange     '0.0.18',
30 silly addNameRange     '0.0.19',
30 silly addNameRange     '0.0.20',
30 silly addNameRange     '0.0.21',
30 silly addNameRange     '0.0.22',
30 silly addNameRange     '0.0.23',
30 silly addNameRange     '0.0.24',
30 silly addNameRange     '0.0.25',
30 silly addNameRange     '0.0.27',
30 silly addNameRange     '0.0.28',
30 silly addNameRange     '0.0.29',
30 silly addNameRange     '0.0.32',
30 silly addNameRange     '0.0.33',
30 silly addNameRange     '0.0.34',
30 silly addNameRange     '0.0.35',
30 silly addNameRange     '0.0.36',
30 silly addNameRange     '0.0.37',
30 silly addNameRange     '0.0.38',
30 silly addNameRange     '0.0.39',
30 silly addNameRange     '0.0.40',
30 silly addNameRange     '0.0.41',
30 silly addNameRange     '0.0.42',
30 silly addNameRange     '0.0.43',
30 silly addNameRange     '0.0.44',
30 silly addNameRange     '0.0.45',
30 silly addNameRange     '0.0.46',
30 silly addNameRange     '0.0.47',
30 silly addNameRange     '0.1.0',
30 silly addNameRange     '0.1.1',
30 silly addNameRange     '0.1.2',
30 silly addNameRange     '0.1.3',
30 silly addNameRange     '0.1.4',
30 silly addNameRange     '0.1.5',
30 silly addNameRange     '0.1.6',
30 silly addNameRange     '0.1.7',
30 silly addNameRange     '0.1.8',
30 silly addNameRange     '0.1.9',
30 silly addNameRange     '0.1.10',
30 silly addNameRange     '0.1.11',
30 silly addNameRange     '0.1.12',
30 silly addNameRange     '0.1.13',
30 silly addNameRange     '0.1.14',
30 silly addNameRange     '0.1.15',
30 silly addNameRange     '0.2.0-beta.1',
30 silly addNameRange     '0.2.0',
30 silly addNameRange     '0.2.1',
30 silly addNameRange     '0.2.2',
30 silly addNameRange     '0.2.3',
30 silly addNameRange     '0.2.4',
30 silly addNameRange     '0.2.5',
30 silly addNameRange     '0.2.6',
30 silly addNameRange     '0.2.7',
30 silly addNameRange     '1.13.0',
30 silly addNameRange     '1.13.1',
30 silly addNameRange     '1.13.5',
30 silly addNameRange     '1.13.6',
30 silly addNameRange     '1.13.7',
30 silly addNameRange     '1.13.8',
30 silly addNameRange     '1.13.9',
30 silly addNameRange     '1.13.10',
30 silly addNameRange     '1.13.11',
30 silly addNameRange     '1.13.12',
30 silly addNameRange     '1.13.13',
30 silly addNameRange     '2.2.0-beta.1',
30 silly addNameRange     '2.2.0-beta.2',
30 silly addNameRange     '2.2.0-beta.3' ] ]
31 verbose addNamed [ 'ember-cli', '1.13.13' ]
32 verbose addNamed [ '1.13.13', '1.13.13' ]
33 silly lockFile ae4a3d1a-ember-cli-1-13-13 ember-cli@1.13.13
34 verbose lock ember-cli@1.13.13 /home/dougui/.npm/ae4a3d1a-ember-cli-1-13-13.lock
35 silly lockFile 66c96324--ember-cli-ember-cli-1-13-13-tgz https://registry.npmjs.org/ember-cli/-/ember-cli-1.13.13.tgz
36 verbose lock https://registry.npmjs.org/ember-cli/-/ember-cli-1.13.13.tgz /home/dougui/.npm/66c96324--ember-cli-ember-cli-1-13-13-tgz.lock
37 verbose addRemoteTarball [ 'https://registry.npmjs.org/ember-cli/-/ember-cli-1.13.13.tgz',
37 verbose addRemoteTarball   'ea498fd4f396985013e835c2762e5473ec36f6c3' ]
38 info retry fetch attempt 1 at 19:09:55
39 verbose fetch to= /tmp/npm-31724-P8gUml_V/registry.npmjs.org/ember-cli/-/ember-cli-1.13.13.tgz
40 http GET https://registry.npmjs.org/ember-cli/-/ember-cli-1.13.13.tgz
41 http 200 https://registry.npmjs.org/ember-cli/-/ember-cli-1.13.13.tgz
42 silly lockFile 66c96324--ember-cli-ember-cli-1-13-13-tgz https://registry.npmjs.org/ember-cli/-/ember-cli-1.13.13.tgz
43 silly lockFile 66c96324--ember-cli-ember-cli-1-13-13-tgz https://registry.npmjs.org/ember-cli/-/ember-cli-1.13.13.tgz
44 silly lockFile ae4a3d1a-ember-cli-1-13-13 ember-cli@1.13.13
45 silly lockFile ae4a3d1a-ember-cli-1-13-13 ember-cli@1.13.13
46 silly lockFile 1645c26a-ember-cli ember-cli@
47 silly lockFile 1645c26a-ember-cli ember-cli@
48 silly resolved [ { name: 'ember-cli',
48 silly resolved     version: '1.13.13',
48 silly resolved     main: 'lib/cli/index.js',
48 silly resolved     description: 'Command line tool for developing ambitious ember.js apps',
48 silly resolved     trackingCode: 'UA-49225444-1',
48 silly resolved     bin: { ember: './bin/ember' },
48 silly resolved     scripts:
48 silly resolved      { docs: 'node bin/generate-docs.js',
48 silly resolved        test: 'node tests/runner',
48 silly resolved        'test:debug': 'node debug tests/runner',
48 silly resolved        'test-all': 'node tests/runner all',
48 silly resolved        'test-all:debug': 'node debug tests/runner all',
48 silly resolved        'test-all:cover': 'istanbul cover tests/runner.js all' },
48 silly resolved     repository:
48 silly resolved      { type: 'git',
48 silly resolved        url: 'git+https://github.com/ember-cli/ember-cli.git' },
48 silly resolved     engines: { node: '>= 0.10.0' },
48 silly resolved     keywords:
48 silly resolved      [ 'ember.js',
48 silly resolved        'ember',
48 silly resolved        'cli',
48 silly resolved        'app',
48 silly resolved        'kit',
48 silly resolved        'app-kit',
48 silly resolved        'ember-app-kit' ],
48 silly resolved     author: { name: 'Stefan Penner, Robert Jackson and ember-cli contributors' },
48 silly resolved     license: 'MIT',
48 silly resolved     bugs: { url: 'https://github.com/ember-cli/ember-cli/issues' },
48 silly resolved     dependencies:
48 silly resolved      { 'amd-name-resolver': '0.0.2',
48 silly resolved        bower: '^1.3.12',
48 silly resolved        'bower-config': '0.6.1',
48 silly resolved        'bower-endpoint-parser': '0.2.2',
48 silly resolved        broccoli: '0.16.8',
48 silly resolved        'broccoli-babel-transpiler': '^5.4.5',
48 silly resolved        'broccoli-config-loader': '^1.0.0',
48 silly resolved        'broccoli-config-replace': '^1.1.0',
48 silly resolved        'broccoli-funnel': '^1.0.0',
48 silly resolved        'broccoli-kitchen-sink-helpers': '^0.2.7',
48 silly resolved        'broccoli-merge-trees': '^1.0.0',
48 silly resolved        'broccoli-plugin': '^1.2.0',
48 silly resolved        'broccoli-sane-watcher': '^1.1.1',
48 silly resolved        'broccoli-source': '^1.1.0',
48 silly resolved        'broccoli-sourcemap-concat': '^2.0.2',
48 silly resolved        'broccoli-viz': '^2.0.1',
48 silly resolved        chalk: '1.1.0',
48 silly resolved        'clean-base-url': '^1.0.0',
48 silly resolved        compression: '^1.4.4',
48 silly resolved        configstore: '1.2.1',
48 silly resolved        'core-object': '0.0.2',
48 silly resolved        cpr: '0.4.2',
48 silly resolved        debug: '^2.1.3',
48 silly resolved        diff: '^1.3.1',
48 silly resolved        'ember-cli-copy-dereference': '^1.0.0',
48 silly resolved        'ember-cli-get-dependency-depth': '^1.0.0',
48 silly resolved        'ember-cli-is-package-missing': '^1.0.0',
48 silly resolved        'ember-cli-normalize-entity-name': '^1.0.0',
48 silly resolved        'ember-cli-path-utils': '^1.0.0',
48 silly resolved        'ember-cli-preprocess-registry': '^1.0.3',
48 silly resolved        'ember-cli-string-utils': '^1.0.0',
48 silly resolved        'ember-cli-test-info': '^1.0.0',
48 silly resolved        'ember-router-generator': '^1.0.0',
48 silly resolved        'escape-string-regexp': '^1.0.3',
48 silly resolved        'exists-sync': '0.0.3',
48 silly resolved        exit: '^0.1.2',
48 silly resolved        express: '^4.12.3',
48 silly resolved        findup: '0.1.5',
48 silly resolved        'findup-sync': '^0.2.1',
48 silly resolved        'fs-extra': '0.22.1',
48 silly resolved        'fs-monitor-stack': '^1.0.2',
48 silly resolved        'git-repo-info': '^1.0.4',
48 silly resolved        glob: '5.0.13',
48 silly resolved        'http-proxy': '^1.9.0',
48 silly resolved        inflection: '^1.7.0',
48 silly resolved        inquirer: '0.5.1',
48 silly resolved        'is-git-url': '^0.2.0',
48 silly resolved        isbinaryfile: '^2.0.3',
48 silly resolved        leek: '0.0.18',
48 silly resolved        lodash: '^3.6.0',
48 silly resolved        'markdown-it': '4.3.0',
48 silly resolved        'markdown-it-terminal': '0.0.2',
48 silly resolved        'merge-defaults': '^0.2.1',
48 silly resolved        minimatch: '^2.0.4',
48 silly resolved        morgan: '^1.5.2',
48 silly resolved        'node-modules-path': '^1.0.0',
48 silly resolved        'node-uuid': '^1.4.3',
48 silly resolved        nopt: '^3.0.1',
48 silly resolved        npm: '2.14.10',
48 silly resolved        'pleasant-progress': '^1.0.2',
48 silly resolved        portfinder: '^0.4.0',
48 silly resolved        'promise-map-series': '^0.2.1',
48 silly resolved        'quick-temp': '0.1.3',
48 silly resolved        readline2: '0.1.1',
48 silly resolved        resolve: '^1.1.6',
48 silly resolved        rsvp: '^3.0.17',
48 silly resolved        sane: '^1.1.1',
48 silly resolved        semver: '^4.3.3',
48 silly resolved        'silent-error': '^1.0.0',
48 silly resolved        'symlink-or-copy': '^1.0.1',
48 silly resolved        temp: '0.8.1',
48 silly resolved        testem: '0.9.11',
48 silly resolved        through: '^2.3.6',
48 silly resolved        'tiny-lr': '0.2.0',
48 silly resolved        'walk-sync': '0.1.3',
48 silly resolved        yam: '0.0.18' },
48 silly resolved     devDependencies:
48 silly resolved      { 'broccoli-filter': '^1.2.2',
48 silly resolved        chai: '^2.1.2',
48 silly resolved        'chai-as-promised': '^4.3.0',
48 silly resolved        'chai-string': '^1.0.0',
48 silly resolved        'codeclimate-test-reporter': '0.0.4',
48 silly resolved        coveralls: '^2.11.2',
48 silly resolved        github: '^0.2.3',
48 silly resolved        istanbul: '^0.3.13',
48 silly resolved        mocha: '^2.2.1',
48 silly resolved        'mocha-jshint': '^2.0.0',
48 silly resolved        'mocha-only-detector': '0.0.2',
48 silly resolved        multiline: '^1.0.2',
48 silly resolved        nock: '^1.2.1',
48 silly resolved        proxyquire: '^1.6.0',
48 silly resolved        rimraf: '2.3.2',
48 silly resolved        'strip-ansi': '^2.0.0',
48 silly resolved        supertest: '0.15.0',
48 silly resolved        'supports-color': '^3.0.0',
48 silly resolved        'tmp-sync': '^1.0.1',
48 silly resolved        yuidocjs: '0.6.0' },
48 silly resolved     homepage: 'https://github.com/ember-cli/ember-cli#readme',
48 silly resolved     _id: 'ember-cli@1.13.13',
48 silly resolved     _shasum: 'ea498fd4f396985013e835c2762e5473ec36f6c3',
48 silly resolved     _resolved: 'https://registry.npmjs.org/ember-cli/-/ember-cli-1.13.13.tgz',
48 silly resolved     _from: 'ember-cli@',
48 silly resolved     _npmVersion: '2.14.7',
48 silly resolved     _nodeVersion: '4.2.2',
48 silly resolved     _npmUser: { name: 'twokul', email: 'alex.navasardyan@gmail.com' },
48 silly resolved     maintainers:
48 silly resolved      [ [Object],
48 silly resolved        [Object],
48 silly resolved        [Object],
48 silly resolved        [Object],
48 silly resolved        [Object],
48 silly resolved        [Object],
48 silly resolved        [Object],
48 silly resolved        [Object],
48 silly resolved        [Object],
48 silly resolved        [Object],
48 silly resolved        [Object] ],
48 silly resolved     dist:
48 silly resolved      { shasum: 'ea498fd4f396985013e835c2762e5473ec36f6c3',
48 silly resolved        tarball: 'http://registry.npmjs.org/ember-cli/-/ember-cli-1.13.13.tgz' },
48 silly resolved     directories: {} } ]
49 info install ember-cli@1.13.13 into /home/dougui/npm/lib
50 info installOne ember-cli@1.13.13
51 verbose lib/node_modules/ember-cli unbuild
52 verbose tar unpack /home/dougui/.npm/ember-cli/1.13.13/package.tgz
53 silly lockFile f62d24de-i-npm-lib-node-modules-ember-cli tar:///home/dougui/npm/lib/node_modules/ember-cli
54 verbose lock tar:///home/dougui/npm/lib/node_modules/ember-cli /home/dougui/.npm/f62d24de-i-npm-lib-node-modules-ember-cli.lock
55 silly lockFile 18bb55c4-pm-ember-cli-1-13-13-package-tgz tar:///home/dougui/.npm/ember-cli/1.13.13/package.tgz
56 verbose lock tar:///home/dougui/.npm/ember-cli/1.13.13/package.tgz /home/dougui/.npm/18bb55c4-pm-ember-cli-1-13-13-package-tgz.lock
57 silly gunzTarPerm modes [ '755', '644' ]
58 error Error: EACCES, mkdir '/home/dougui/npm/lib/node_modules/ember-cli'
58 error  { [Error: EACCES, mkdir '/home/dougui/npm/lib/node_modules/ember-cli']
58 error   errno: 3,
58 error   code: 'EACCES',
58 error   path: '/home/dougui/npm/lib/node_modules/ember-cli',
58 error   fstream_type: 'Directory',
58 error   fstream_path: '/home/dougui/npm/lib/node_modules/ember-cli',
58 error   fstream_class: 'DirWriter',
58 error   fstream_stack:
58 error    [ '/usr/lib/node_modules/npm/node_modules/fstream/lib/dir-writer.js:36:23',
58 error      '/usr/lib/node_modules/npm/node_modules/mkdirp/index.js:46:53',
58 error      'Object.oncomplete (fs.js:108:15)' ] }
59 error Please try running this command again as root/Administrator.
60 error System Linux 3.13.0-24-generic
61 error command "/usr/bin/node" "/usr/bin/npm" "install" "-g" "ember-cli"
62 error cwd /home/dougui/workspace/tiny
63 error node -v v0.10.37
64 error npm -v 1.4.28
65 error path /home/dougui/npm/lib/node_modules/ember-cli
66 error fstream_path /home/dougui/npm/lib/node_modules/ember-cli
67 error fstream_type Directory
68 error fstream_class DirWriter
69 error code EACCES
70 error errno 3
71 error stack Error: EACCES, mkdir '/home/dougui/npm/lib/node_modules/ember-cli'
72 error fstream_stack /usr/lib/node_modules/npm/node_modules/fstream/lib/dir-writer.js:36:23
72 error fstream_stack /usr/lib/node_modules/npm/node_modules/mkdirp/index.js:46:53
72 error fstream_stack Object.oncomplete (fs.js:108:15)
73 verbose exit [ 3, true ]
